Build started 3/8/2012 7:54:51 PM.
     1>Project "C:\Projects\P5\SDK\P5SDK\XYZDemo\XYZDemo.vcxproj" on node 2 (build target(s)).
     1>InitializeBuildStatus:
         Creating "Debug\XYZDemo.unsuccessfulbuild" because "AlwaysCreate" was specified.
       ClCompile:
         All outputs are up-to-date.
         C:\Program Files (x86)\Microsoft Visual Studio 10.0\VC\bin\CL.exe /c /ZI /nologo /W3 /WX- /Od /Oy- /D WIN32 /D _DEBUG /D _WINDOWS /D _VC80_UPGRADE=0x0600 /D _MBCS /D _AFXDLL /Gm /EHsc /RTC1 /MDd /GS /Gy- /fp:precise /Zc:wchar_t /Zc:forScope /Yu"stdafx.h" /Fp".\Debug\XYZDemo.pch" /Fo".\Debug\\" /Fd".\Debug\vc100.pdb" /Gd /TP /analyze- /errorReport:prompt XYZDemoDlg.cpp
         XYZDemoDlg.cpp
       ResourceCompile:
         All outputs are up-to-date.
       ManifestResourceCompile:
         All outputs are up-to-date.
     1>C:\Program Files (x86)\MSBuild\Microsoft.Cpp\v4.0\Microsoft.CppBuild.targets(990,5): warning MSB8012: TargetPath(C:\Projects\P5\SDK\P5SDK\XYZDemo\Debug\XYZDemo.exe) does not match the Linker's OutputFile property value (C:\Projects\P5\SDK\P5SDK\Run\XYZDemoD.exe). This may cause your project to build incorrectly. To correct this, please make sure that $(OutDir), $(TargetName) and $(TargetExt) property values match the value specified in %(Link.OutputFile).
     1>C:\Program Files (x86)\MSBuild\Microsoft.Cpp\v4.0\Microsoft.CppBuild.targets(992,5): warning MSB8012: TargetName(XYZDemo) does not match the Linker's OutputFile property value (XYZDemoD). This may cause your project to build incorrectly. To correct this, please make sure that $(OutDir), $(TargetName) and $(TargetExt) property values match the value specified in %(Link.OutputFile).
       Link:
         C:\Program Files (x86)\Microsoft Visual Studio 10.0\VC\bin\link.exe /ERRORREPORT:PROMPT /OUT:"../Run/XYZDemoD.exe" /INCREMENTAL /NOLOGO /MANIFEST /ManifestFile:"Debug\XYZDemo.exe.intermediate.manifest" /MANIFESTUAC:"level='asInvoker' uiAccess='false'" /DEBUG /PDB:"C:\Projects\P5\SDK\P5SDK\XYZDemo\Debug\XYZDemo.pdb" /SUBSYSTEM:WINDOWS /TLBID:1 /DYNAMICBASE /NXCOMPAT /IMPLIB:"Debug\XYZDemo.lib" /MACHINE:X86 Debug\XYZDemo.res
         Debug\XYZDemo.exe.embed.manifest.res
         .\Debug\P5Motion.obj
         .\Debug\StdAfx.obj
         .\Debug\XYZDemo.obj
         .\Debug\XYZDemoDlg.obj
         ..\P5API\P5DLL.lib
            Creating library Debug\XYZDemo.lib and object Debug\XYZDemo.exp
       Manifest:
         C:\Program Files (x86)\Microsoft SDKs\Windows\v7.0A\bin\mt.exe /nologo /verbose /out:"Debug\XYZDemo.exe.embed.manifest" /manifest Debug\XYZDemo.exe.intermediate.manifest "C:\Program Files (x86)\Microsoft Visual Studio 10.0\VC\Include\Manifest\dpiaware.manifest"
         All outputs are up-to-date.
       LinkEmbedManifest:
         All outputs are up-to-date.
         XYZDemo.vcxproj -> C:\Projects\P5\SDK\P5SDK\XYZDemo\Debug\XYZDemo.exe
       FinalizeBuildStatus:
         Deleting file "Debug\XYZDemo.unsuccessfulbuild".
         Touching "Debug\XYZDemo.lastbuildstate".
     1>Done Building Project "C:\Projects\P5\SDK\P5SDK\XYZDemo\XYZDemo.vcxproj" (build target(s)).

Build succeeded.

Time Elapsed 00:00:00.92
