C:\PROJECTS\P5\SDK\P5SDK\RUN\XYZDEMOD.EXE
C:\PROJECTS\P5\SDK\P5SDK\RUN\XYZDEMOD.ILK
C:\Projects\P5\SDK\P5SDK\XYZDemo\Debug\cl.command.1.tlog
C:\Projects\P5\SDK\P5SDK\XYZDemo\Debug\CL.read.1.tlog
C:\Projects\P5\SDK\P5SDK\XYZDemo\Debug\CL.write.1.tlog
C:\Projects\P5\SDK\P5SDK\XYZDemo\Debug\link.6012.read.1.tlog
C:\Projects\P5\SDK\P5SDK\XYZDemo\Debug\link.6012.write.1.tlog
C:\Projects\P5\SDK\P5SDK\XYZDemo\Debug\link.6012-cvtres.read.1.tlog
C:\Projects\P5\SDK\P5SDK\XYZDemo\Debug\link.6012-cvtres.write.1.tlog
C:\Projects\P5\SDK\P5SDK\XYZDemo\Debug\link.command.1.tlog
C:\Projects\P5\SDK\P5SDK\XYZDemo\Debug\link.read.1.tlog
C:\Projects\P5\SDK\P5SDK\XYZDemo\Debug\link.write.1.tlog
C:\Projects\P5\SDK\P5SDK\XYZDemo\Debug\link-cvtres.read.1.tlog
C:\Projects\P5\SDK\P5SDK\XYZDemo\Debug\link-cvtres.write.1.tlog
C:\Projects\P5\SDK\P5SDK\XYZDemo\Debug\mt.command.1.tlog
C:\Projects\P5\SDK\P5SDK\XYZDemo\Debug\mt.read.1.tlog
C:\Projects\P5\SDK\P5SDK\XYZDemo\Debug\mt.write.1.tlog
C:\PROJECTS\P5\SDK\P5SDK\XYZDEMO\DEBUG\P5MOTION.OBJ
C:\Projects\P5\SDK\P5SDK\XYZDemo\Debug\rc.command.1.tlog
C:\Projects\P5\SDK\P5SDK\XYZDemo\Debug\rc.read.1.tlog
C:\Projects\P5\SDK\P5SDK\XYZDemo\Debug\rc.write.1.tlog
C:\PROJECTS\P5\SDK\P5SDK\XYZDEMO\DEBUG\STDAFX.OBJ
C:\Projects\P5\SDK\P5SDK\XYZDemo\Debug\vc100.idb
C:\PROJECTS\P5\SDK\P5SDK\XYZDEMO\DEBUG\VC100.PDB
C:\PROJECTS\P5\SDK\P5SDK\XYZDEMO\DEBUG\XYZDEMO.EXE.EMBED.MANIFEST
C:\PROJECTS\P5\SDK\P5SDK\XYZDEMO\DEBUG\XYZDEMO.EXE.EMBED.MANIFEST.RES
C:\PROJECTS\P5\SDK\P5SDK\XYZDEMO\DEBUG\XYZDEMO.EXE.INTERMEDIATE.MANIFEST
C:\PROJECTS\P5\SDK\P5SDK\XYZDEMO\DEBUG\XYZDEMO.OBJ
C:\PROJECTS\P5\SDK\P5SDK\XYZDEMO\DEBUG\XYZDEMO.PCH
C:\PROJECTS\P5\SDK\P5SDK\XYZDEMO\DEBUG\XYZDEMO.PDB
C:\PROJECTS\P5\SDK\P5SDK\XYZDEMO\DEBUG\XYZDEMO.RES
C:\Projects\P5\SDK\P5SDK\XYZDemo\Debug\XYZDemo_manifest.rc
C:\PROJECTS\P5\SDK\P5SDK\XYZDEMO\DEBUG\XYZDEMODLG.OBJ
Debug\XYZDemo.pdb
